{
  "RSpec": {
    "coverage": {
      "/home/jersonjabat/resume_projects/DataMorph/app/controllers/page_controller.rb": {
        "lines": [
          1,
          1,
          null,
          null
        ]
      },
      "/home/jersonjabat/resume_projects/DataMorph/app/controllers/application_controller.rb": {
        "lines": [
          1,
          null,
          1,
          null
        ]
      },
      "/home/jersonjabat/resume_projects/DataMorph/app/helpers/application_helper.rb": {
        "lines": [
          0,
          0
        ],
        "branches": {}
      },
      "/home/jersonjabat/resume_projects/DataMorph/app/helpers/page_helper.rb": {
        "lines": [
          0,
          0
        ],
        "branches": {}
      },
      "/home/jersonjabat/resume_projects/DataMorph/app/jobs/application_job.rb": {
        "lines": [
          0,
          null,
          null,
          null,
          null,
          null,
          0
        ],
        "branches": {}
      },
      "/home/jersonjabat/resume_projects/DataMorph/app/mailers/application_mailer.rb": {
        "lines": [
          0,
          0,
          0,
          0
        ],
        "branches": {}
      },
      "/home/jersonjabat/resume_projects/DataMorph/app/models/application_record.rb": {
        "lines": [
          0,
          0,
          0
        ],
        "branches": {}
      }
    },
    "timestamp": 1740200431
  }
}
